#
# There is insufficient memory for the Java Runtime Environment to continue.
# Native memory allocation (malloc) failed to allocate 1074384 bytes for Chunk::new
# Possible reasons:
#   The system is out of physical RAM or swap space
#   The process is running with CompressedOops enabled, and the Java Heap may be blocking the growth of the native heap
# Possible solutions:
#   Reduce memory load on the system
#   Increase physical memory or swap space
#   Check if swap backing store is full
#   Decrease Java heap size (-Xmx/-Xms)
#   Decrease number of Java threads
#   Decrease Java thread stack sizes (-Xss)
#   Set larger code cache with -XX:ReservedCodeCacheSize=
#   JVM is running with Zero Based Compressed Oops mode in which the Java heap is
#     placed in the first 32GB address space. The Java Heap base address is the
#     maximum limit for the native heap growth. Please use -XX:HeapBaseMinAddress
#     to set the Java Heap base and to place the Java Heap above 32GB virtual address.
# This output file may be truncated or incomplete.
#
#  Out of Memory Error (t:/workspace/open/src/hotspot/share/memory/arena.cpp:196), pid=19352, tid=19124
#
# JRE version: Java(TM) SE Runtime Environment (13.0.2+8) (build 13.0.2+8)
# Java VM: Java HotSpot(TM) 64-Bit Server VM (13.0.2+8, mixed mode, sharing, tiered, compressed oops, g1 gc, windows-amd64)
# No core dump will be written. Minidumps are not enabled by default on client versions of Windows
#

---------------  S U M M A R Y ------------

Command Line: -javaagent:C:\Program Files\JetBrains\IntelliJ IDEA Community Edition 2022.2.3\lib\idea_rt.jar=57780:C:\Program Files\JetBrains\IntelliJ IDEA Community Edition 2022.2.3\bin -Dfile.encoding=UTF-8 com.todolist.customtodolist.CustomtodolistApplication

Host: Intel(R) Core(TM) i7-8750H CPU @ 2.20GHz, 12 cores, 15G,  Windows 10 , 64 bit Build 19041 (10.0.19041.1889)
Time: Fri Oct 28 04:42:11 2022 Pakistan Standard Time elapsed time: 6794 seconds (0d 1h 53m 14s)

---------------  T H R E A D  ---------------

Current thread (0x00000257f0049000):  JavaThread "C2 CompilerThread1" daemon [_thread_in_native, id=19124, stack(0x000000e5bb800000,0x000000e5bb900000)]


Current CompileTask:
C2:6794275 10035   !   4       org.apache.catalina.connector.CoyoteAdapter::postParseRequest (1111 bytes)

Stack: [0x000000e5bb800000,0x000000e5bb900000]
Native frames: (J=compiled Java code, j=interpreted, Vv=VM code, C=native code)
V  [jvm.dll+0x624f9a]
V  [jvm.dll+0x770cfa]
V  [jvm.dll+0x7724af]
V  [jvm.dll+0x772ab3]
V  [jvm.dll+0x24bf08]
V  [jvm.dll+0xc1e47]
V  [jvm.dll+0xc23cc]
V  [jvm.dll+0x35c0c5]
V  [jvm.dll+0x327803]
V  [jvm.dll+0x326bda]
V  [jvm.dll+0x205c27]
V  [jvm.dll+0x204e3f]
V  [jvm.dll+0x189c2c]
V  [jvm.dll+0x213e6d]
V  [jvm.dll+0x2120bb]
V  [jvm.dll+0x736bb6]
V  [jvm.dll+0x72fcaa]
V  [jvm.dll+0x623ea6]
C  [ucrtbase.dll+0x21bb2]
C  [KERNEL32.DLL+0x17034]
C  [ntdll.dll+0x526a1]


---------------  P R O C E S S  ---------------

Threads class SMR info:
_java_thread_list=0x00000257ebafde90, length=29, elements={
0x00000257e889c800, 0x00000257e889f800, 0x00000257e88ba800, 0x00000257e88bd800,
0x00000257e88c0000, 0x00000257e88c1000, 0x00000257e88c5800, 0x00000257e8890800,
0x00000257e8ea9000, 0x00000257e8eaa000, 0x00000257ecbfe800, 0x00000257ea1b2800,
0x00000257ed5de000, 0x00000257eb879000, 0x00000257ed512800, 0x00000257eba60800,
0x00000257ee249800, 0x00000257eb92e800, 0x00000257eb0ad800, 0x00000257efe54800,
0x00000257f0073000, 0x00000257f0071000, 0x00000257f0073800, 0x00000257f0074800,
0x00000257f0075000, 0x00000257f0076000, 0x00000257f0077800, 0x00000257f0077000,
0x00000257f0049000
}

Java Threads: ( => current thread )
  0x00000257e889c800 JavaThread "Reference Handler" daemon [_thread_blocked, id=10520, stack(0x000000e5bc200000,0x000000e5bc300000)]
  0x00000257e889f800 JavaThread "Finalizer" daemon [_thread_blocked, id=22980, stack(0x000000e5bc300000,0x000000e5bc400000)]
  0x00000257e88ba800 JavaThread "Signal Dispatcher" daemon [_thread_blocked, id=7712, stack(0x000000e5bc400000,0x000000e5bc500000)]
  0x00000257e88bd800 JavaThread "Attach Listener" daemon [_thread_blocked, id=24816, stack(0x000000e5bc500000,0x000000e5bc600000)]
  0x00000257e88c0000 JavaThread "C2 CompilerThread0" daemon [_thread_blocked, id=11504, stack(0x000000e5bc600000,0x000000e5bc700000)]
  0x00000257e88c1000 JavaThread "C1 CompilerThread0" daemon [_thread_blocked, id=26556, stack(0x000000e5bc700000,0x000000e5bc800000)]
  0x00000257e88c5800 JavaThread "Sweeper thread" daemon [_thread_blocked, id=24560, stack(0x000000e5bc800000,0x000000e5bc900000)]
  0x00000257e8890800 JavaThread "Common-Cleaner" daemon [_thread_blocked, id=23284, stack(0x000000e5bc900000,0x000000e5bca00000)]
  0x00000257e8ea9000 JavaThread "Monitor Ctrl-Break" daemon [_thread_in_native, id=18812, stack(0x000000e5bcb00000,0x000000e5bcc00000)]
  0x00000257e8eaa000 JavaThread "Service Thread" daemon [_thread_blocked, id=13648, stack(0x000000e5bcc00000,0x000000e5bcd00000)]
  0x00000257ecbfe800 JavaThread "Catalina-utility-1" [_thread_blocked, id=15196, stack(0x000000e5bd600000,0x000000e5bd700000)]
  0x00000257ea1b2800 JavaThread "Catalina-utility-2" [_thread_blocked, id=22268, stack(0x000000e5bd700000,0x000000e5bd800000)]
  0x00000257ed5de000 JavaThread "container-0" [_thread_blocked, id=26432, stack(0x000000e5bd800000,0x000000e5bd900000)]
  0x00000257eb879000 JavaThread "mysql-cj-abandoned-connection-cleanup" daemon [_thread_blocked, id=20116, stack(0x000000e5bd900000,0x000000e5bda00000)]
  0x00000257ed512800 JavaThread "HikariPool-1 housekeeper" daemon [_thread_blocked, id=1348, stack(0x000000e5bdd00000,0x000000e5bde00000)]
  0x00000257eba60800 JavaThread "http-nio-8080-exec-1" daemon [_thread_blocked, id=19716, stack(0x000000e5bdf00000,0x000000e5be000000)]
  0x00000257ee249800 JavaThread "http-nio-8080-exec-2" daemon [_thread_blocked, id=26300, stack(0x000000e5be000000,0x000000e5be100000)]
  0x00000257eb92e800 JavaThread "http-nio-8080-exec-3" daemon [_thread_blocked, id=24064, stack(0x000000e5be100000,0x000000e5be200000)]
  0x00000257eb0ad800 JavaThread "http-nio-8080-exec-4" daemon [_thread_blocked, id=26612, stack(0x000000e5be200000,0x000000e5be300000)]
  0x00000257efe54800 JavaThread "http-nio-8080-exec-5" daemon [_thread_blocked, id=22052, stack(0x000000e5be300000,0x000000e5be400000)]
  0x00000257f0073000 JavaThread "http-nio-8080-exec-6" daemon [_thread_blocked, id=8380, stack(0x000000e5be400000,0x000000e5be500000)]
  0x00000257f0071000 JavaThread "http-nio-8080-exec-7" daemon [_thread_blocked, id=15456, stack(0x000000e5be500000,0x000000e5be600000)]
  0x00000257f0073800 JavaThread "http-nio-8080-exec-8" daemon [_thread_blocked, id=6040, stack(0x000000e5be600000,0x000000e5be700000)]
  0x00000257f0074800 JavaThread "http-nio-8080-exec-9" daemon [_thread_blocked, id=20004, stack(0x000000e5be700000,0x000000e5be800000)]
  0x00000257f0075000 JavaThread "http-nio-8080-exec-10" daemon [_thread_blocked, id=25704, stack(0x000000e5be800000,0x000000e5be900000)]
  0x00000257f0076000 JavaThread "http-nio-8080-Poller" daemon [_thread_in_native, id=14648, stack(0x000000e5be900000,0x000000e5bea00000)]
  0x00000257f0077800 JavaThread "http-nio-8080-Acceptor" daemon [_thread_in_native, id=23312, stack(0x000000e5bea00000,0x000000e5beb00000)]
  0x00000257f0077000 JavaThread "DestroyJavaVM" [_thread_blocked, id=22544, stack(0x000000e5bbb00000,0x000000e5bbc00000)]
=>0x00000257f0049000 JavaThread "C2 CompilerThread1" daemon [_thread_in_native, id=19124, stack(0x000000e5bb800000,0x000000e5bb900000)]

Other Threads:
  0x00000257e889a800 VMThread "VM Thread" [stack: 0x000000e5bc100000,0x000000e5bc200000] [id=5888]
  0x00000257e8eae000 WatcherThread [stack: 0x000000e5bcd00000,0x000000e5bce00000] [id=20280]
  0x00000257c4042000 GCTaskThread "GC Thread#0" [stack: 0x000000e5bbc00000,0x000000e5bbd00000] [id=22556]
  0x00000257e9505800 GCTaskThread "GC Thread#1" [stack: 0x000000e5bce00000,0x000000e5bcf00000] [id=23872]
  0x00000257e9516800 GCTaskThread "GC Thread#2" [stack: 0x000000e5bcf00000,0x000000e5bd000000] [id=21072]
  0x00000257e9517000 GCTaskThread "GC Thread#3" [stack: 0x000000e5bd000000,0x000000e5bd100000] [id=13700]
  0x00000257e94c1800 GCTaskThread "GC Thread#4" [stack: 0x000000e5bd100000,0x000000e5bd200000] [id=26116]
  0x00000257e94c3000 GCTaskThread "GC Thread#5" [stack: 0x000000e5bd200000,0x000000e5bd300000] [id=8384]
  0x00000257e9ab1800 GCTaskThread "GC Thread#6" [stack: 0x000000e5bda00000,0x000000e5bdb00000] [id=22572]
  0x00000257e9aae000 GCTaskThread "GC Thread#7" [stack: 0x000000e5bdb00000,0x000000e5bdc00000] [id=13192]
  0x00000257c4064800 ConcurrentGCThread "G1 Main Marker" [stack: 0x000000e5bbd00000,0x000000e5bbe00000] [id=20912]
  0x00000257c4066800 ConcurrentGCThread "G1 Conc#0" [stack: 0x000000e5bbe00000,0x000000e5bbf00000] [id=19860]
  0x00000257e9aaf800 ConcurrentGCThread "G1 Conc#1" [stack: 0x000000e5bd300000,0x000000e5bd400000] [id=21916]
  0x00000257e9aad800 ConcurrentGCThread "G1 Conc#2" [stack: 0x000000e5bd500000,0x000000e5bd600000] [id=12716]
  0x00000257e77a0000 ConcurrentGCThread "G1 Refine#0" [stack: 0x000000e5bbf00000,0x000000e5bc000000] [id=15604]
  0x00000257e77a2000 ConcurrentGCThread "G1 Young RemSet Sampling" [stack: 0x000000e5bc000000,0x000000e5bc100000] [id=3916]

Threads with active compile tasks:
C2 CompilerThread1  6794313 10035   !   4       org.apache.catalina.connector.CoyoteAdapter::postParseRequest (1111 bytes)

VM state:not at safepoint (normal execution)

VM Mutex/Monitor currently owned by a thread: None

Heap address: 0x0000000701c00000, size: 4068 MB, Compressed Oops mode: Zero based, Oop shift amount: 3
Narrow klass base: 0x0000000800000000, Narrow klass shift: 3
Compressed class space size: 1073741824 Address: 0x0000000800b40000

Heap:
 garbage-first heap   total 68608K, used 39697K [0x0000000701c00000, 0x0000000800000000)
  region size 1024K, 11 young (11264K), 1 survivors (1024K)
 Metaspace       used 65172K, capacity 66895K, committed 67276K, reserved 1107968K
  class space    used 8091K, capacity 8765K, committed 8908K, reserved 1048576K
Heap Regions: E=young(eden), S=young(survivor), O=old, HS=humongous(starts), HC=humongous(continues), CS=collection set, F=free, A=archive, TAMS=top-at-mark-start (previous, next)
|   0|0x0000000701c00000, 0x0000000701d00000, 0x0000000701d00000|100%|HS|  |TAMS 0x0000000701d00000, 0x0000000701c00000| Complete 
|   1|0x0000000701d00000, 0x0000000701e00000, 0x0000000701e00000|100%| O|  |TAMS 0x0000000701e00000, 0x0000000701d00000| Untracked 
|   2|0x0000000701e00000, 0x0000000701f00000, 0x0000000701f00000|100%| O|  |TAMS 0x0000000701f00000, 0x0000000701e00000| Untracked 
|   3|0x0000000701f00000, 0x0000000702000000, 0x0000000702000000|100%| O|  |TAMS 0x0000000701f00000, 0x0000000701f00000| Untracked 
|   4|0x0000000702000000, 0x0000000702100000, 0x0000000702100000|100%| O|  |TAMS 0x0000000702100000, 0x0000000702000000| Untracked 
|   5|0x0000000702100000, 0x0000000702200000, 0x0000000702200000|100%| O|  |TAMS 0x0000000702200000, 0x0000000702100000| Untracked 
|   6|0x0000000702200000, 0x0000000702300000, 0x0000000702300000|100%| O|  |TAMS 0x0000000702300000, 0x0000000702200000| Untracked 
|   7|0x0000000702300000, 0x0000000702400000, 0x0000000702400000|100%| O|  |TAMS 0x0000000702400000, 0x0000000702300000| Untracked 
|   8|0x0000000702400000, 0x0000000702500000, 0x0000000702500000|100%| O|  |TAMS 0x0000000702500000, 0x0000000702400000| Untracked 
|   9|0x0000000702500000, 0x0000000702600000, 0x0000000702600000|100%| O|  |TAMS 0x0000000702600000, 0x0000000702500000| Untracked 
|  10|0x0000000702600000, 0x0000000702600000, 0x0000000702700000|  0%| F|  |TAMS 0x0000000702600000, 0x0000000702600000| Untracked 
|  11|0x0000000702700000, 0x0000000702800000, 0x0000000702800000|100%| O|  |TAMS 0x0000000702800000, 0x0000000702700000| Untracked 
|  12|0x0000000702800000, 0x0000000702900000, 0x0000000702900000|100%| O|  |TAMS 0x0000000702800000, 0x0000000702800000| Untracked 
|  13|0x0000000702900000, 0x0000000702a00000, 0x0000000702a00000|100%| O|  |TAMS 0x0000000702900000, 0x0000000702900000| Untracked 
|  14|0x0000000702a00000, 0x0000000702b00000, 0x0000000702b00000|100%| O|  |TAMS 0x0000000702b00000, 0x0000000702a00000| Untracked 
|  15|0x0000000702b00000, 0x0000000702c00000, 0x0000000702c00000|100%| O|  |TAMS 0x0000000702c00000, 0x0000000702b00000| Untracked 
|  16|0x0000000702c00000, 0x0000000702d00000, 0x0000000702d00000|100%| O|  |TAMS 0x0000000702c00000, 0x0000000702c00000| Untracked 
|  17|0x0000000702d00000, 0x0000000702e00000, 0x0000000702e00000|100%| O|  |TAMS 0x0000000702d00000, 0x0000000702d00000| Untracked 
|  18|0x0000000702e00000, 0x0000000702e00000, 0x0000000702f00000|  0%| F|  |TAMS 0x0000000702e00000, 0x0000000702e00000| Untracked 
|  19|0x0000000702f00000, 0x0000000703000000, 0x0000000703000000|100%| O|  |TAMS 0x0000000702f00000, 0x0000000702f00000| Untracked 
|  20|0x0000000703000000, 0x0000000703100000, 0x0000000703100000|100%| O|  |TAMS 0x0000000703000000, 0x0000000703000000| Untracked 
|  21|0x0000000703100000, 0x000000070316a000, 0x0000000703200000| 41%| O|  |TAMS 0x0000000703100000, 0x0000000703100000| Untracked 
|  22|0x0000000703200000, 0x0000000703200000, 0x0000000703300000|  0%| F|  |TAMS 0x0000000703200000, 0x0000000703200000| Untracked 
|  23|0x0000000703300000, 0x0000000703400000, 0x0000000703400000|100%| O|  |TAMS 0x0000000703400000, 0x0000000703300000| Untracked 
|  24|0x0000000703400000, 0x0000000703400000, 0x0000000703500000|  0%| F|  |TAMS 0x0000000703400000, 0x0000000703400000| Untracked 
|  25|0x0000000703500000, 0x0000000703500000, 0x0000000703600000|  0%| F|  |TAMS 0x0000000703500000, 0x0000000703500000| Untracked 
|  26|0x0000000703600000, 0x0000000703700000, 0x0000000703700000|100%| O|  |TAMS 0x0000000703700000, 0x0000000703600000| Untracked 
|  27|0x0000000703700000, 0x0000000703700000, 0x0000000703800000|  0%| F|  |TAMS 0x0000000703700000, 0x0000000703700000| Untracked 
|  28|0x0000000703800000, 0x0000000703800000, 0x0000000703900000|  0%| F|  |TAMS 0x0000000703800000, 0x0000000703800000| Untracked 
|  29|0x0000000703900000, 0x0000000703900000, 0x0000000703a00000|  0%| F|  |TAMS 0x0000000703900000, 0x0000000703900000| Untracked 
|  30|0x0000000703a00000, 0x0000000703b00000, 0x0000000703b00000|100%| O|  |TAMS 0x0000000703b00000, 0x0000000703a00000| Untracked 
|  31|0x0000000703b00000, 0x0000000703b00000, 0x0000000703c00000|  0%| F|  |TAMS 0x0000000703b00000, 0x0000000703b00000| Untracked 
|  32|0x0000000703c00000, 0x0000000703c5a688, 0x0000000703d00000| 35%| S|CS|TAMS 0x0000000703c00000, 0x0000000703c00000| Complete 
|  33|0x0000000703d00000, 0x0000000703e00000, 0x0000000703e00000|100%| O|  |TAMS 0x0000000703e00000, 0x0000000703d00000| Untracked 
|  34|0x0000000703e00000, 0x0000000703f00000, 0x0000000703f00000|100%| O|  |TAMS 0x0000000703f00000, 0x0000000703e00000| Untracked 
|  35|0x0000000703f00000, 0x0000000704000000, 0x0000000704000000|100%| O|  |TAMS 0x0000000704000000, 0x0000000703f00000| Untracked 
|  36|0x0000000704000000, 0x0000000704000000, 0x0000000704100000|  0%| F|  |TAMS 0x0000000704000000, 0x0000000704000000| Untracked 
|  37|0x0000000704100000, 0x0000000704200000, 0x0000000704200000|100%| O|  |TAMS 0x0000000704200000, 0x0000000704100000| Untracked 
|  38|0x0000000704200000, 0x0000000704300000, 0x0000000704300000|100%| O|  |TAMS 0x0000000704300000, 0x0000000704200000| Untracked 
|  39|0x0000000704300000, 0x0000000704400000, 0x0000000704400000|100%| O|  |TAMS 0x0000000704400000, 0x0000000704300000| Untracked 
|  40|0x0000000704400000, 0x0000000704400000, 0x0000000704500000|  0%| F|  |TAMS 0x0000000704400000, 0x0000000704400000| Untracked 
|  41|0x0000000704500000, 0x0000000704500000, 0x0000000704600000|  0%| F|  |TAMS 0x0000000704500000, 0x0000000704500000| Untracked 
|  42|0x0000000704600000, 0x0000000704700000, 0x0000000704700000|100%| O|  |TAMS 0x00000007046cd800, 0x0000000704600000| Untracked 
|  43|0x0000000704700000, 0x0000000704700000, 0x0000000704800000|  0%| F|  |TAMS 0x0000000704700000, 0x0000000704700000| Untracked 
|  44|0x0000000704800000, 0x0000000704800000, 0x0000000704900000|  0%| F|  |TAMS 0x0000000704800000, 0x0000000704800000| Untracked 
|  45|0x0000000704900000, 0x0000000704900000, 0x0000000704a00000|  0%| F|  |TAMS 0x0000000704900000, 0x0000000704900000| Untracked 
|  46|0x0000000704a00000, 0x0000000704a00000, 0x0000000704b00000|  0%| F|  |TAMS 0x0000000704a00000, 0x0000000704a00000| Untracked 
|  47|0x0000000704b00000, 0x0000000704b00000, 0x0000000704c00000|  0%| F|  |TAMS 0x0000000704b00000, 0x0000000704b00000| Untracked 
|  48|0x0000000704c00000, 0x0000000704c00000, 0x0000000704d00000|  0%| F|  |TAMS 0x0000000704c00000, 0x0000000704c00000| Untracked 
|  49|0x0000000704d00000, 0x0000000704d00000, 0x0000000704e00000|  0%| F|  |TAMS 0x0000000704d00000, 0x0000000704d00000| Untracked 
|  50|0x0000000704e00000, 0x0000000704e00000, 0x0000000704f00000|  0%| F|  |TAMS 0x0000000704e00000, 0x0000000704e00000| Untracked 
|  51|0x0000000704f00000, 0x0000000704f00000, 0x0000000705000000|  0%| F|  |TAMS 0x0000000704f00000, 0x0000000704f00000| Untracked 
|  52|0x0000000705000000, 0x0000000705000000, 0x0000000705100000|  0%| F|  |TAMS 0x0000000705000000, 0x0000000705000000| Untracked 
|  53|0x0000000705100000, 0x0000000705100000, 0x0000000705200000|  0%| F|  |TAMS 0x0000000705100000, 0x0000000705100000| Untracked 
|  54|0x0000000705200000, 0x0000000705200000, 0x0000000705300000|  0%| F|  |TAMS 0x0000000705200000, 0x0000000705200000| Untracked 
|  55|0x0000000705300000, 0x0000000705300000, 0x0000000705400000|  0%| F|  |TAMS 0x0000000705300000, 0x0000000705300000| Untracked 
|  56|0x0000000705400000, 0x0000000705400000, 0x0000000705500000|  0%| F|  |TAMS 0x0000000705400000, 0x0000000705400000| Untracked 
|  57|0x0000000705500000, 0x0000000705594670, 0x0000000705600000| 57%| E|  |TAMS 0x0000000705500000, 0x0000000705500000| Complete 
|  58|0x0000000705600000, 0x0000000705700000, 0x0000000705700000|100%| E|CS|TAMS 0x0000000705600000, 0x0000000705600000| Complete 
|  59|0x0000000705700000, 0x0000000705800000, 0x0000000705800000|100%| E|CS|TAMS 0x0000000705700000, 0x0000000705700000| Complete 
|  60|0x0000000705800000, 0x0000000705900000, 0x0000000705900000|100%| E|CS|TAMS 0x0000000705800000, 0x0000000705800000| Complete 
| 132|0x000000070a000000, 0x000000070a100000, 0x000000070a100000|100%| E|CS|TAMS 0x000000070a000000, 0x000000070a000000| Complete 
| 133|0x000000070a100000, 0x000000070a200000, 0x000000070a200000|100%| E|CS|TAMS 0x000000070a100000, 0x000000070a100000| Complete 
| 134|0x000000070a200000, 0x000000070a300000, 0x000000070a300000|100%| E|CS|TAMS 0x000000070a200000, 0x000000070a200000| Complete 
| 135|0x000000070a300000, 0x000000070a400000, 0x000000070a400000|100%| E|CS|TAMS 0x000000070a300000, 0x000000070a300000| Complete 
| 244|0x0000000711000000, 0x0000000711100000, 0x0000000711100000|100%| E|CS|TAMS 0x0000000711000000, 0x0000000711000000| Complete 
| 255|0x0000000711b00000, 0x0000000711c00000, 0x0000000711c00000|100%| E|CS|TAMS 0x0000000711b00000, 0x0000000711b00000| Complete 

Card table byte_map: [0x00000257dc340000,0x00000257dcb40000] _byte_map_base: 0x00000257d8b32000

Marking Bits (Prev, Next): (CMBitMap*) 0x00000257c4043028, (CMBitMap*) 0x00000257c4043068
 Prev Bits: [0x00000257dd340000, 0x00000257e12d0000)
 Next Bits: [0x00000257e12d0000, 0x00000257e5260000)

Polling page: 0x00000257c37b0000

Metaspace:

Usage:
  Non-class:     56.77 MB capacity,    55.74 MB ( 98%) used,   826.13 KB (  1%) free+waste,   222.13 KB ( <1%) overhead. 
      Class:      8.56 MB capacity,     7.90 MB ( 92%) used,   571.28 KB (  7%) free+waste,   102.63 KB (  1%) overhead. 
       Both:     65.33 MB capacity,    63.65 MB ( 97%) used,     1.36 MB (  2%) free+waste,   324.75 KB ( <1%) overhead. 

Virtual space:
  Non-class space:       58.00 MB reserved,      57.00 MB ( 98%) committed 
      Class space:        1.00 GB reserved,       8.70 MB ( <1%) committed 
             Both:        1.06 GB reserved,      65.70 MB (  6%) committed 

Chunk freelists:
   Non-Class:  110.00 KB
       Class:  43.00 KB
        Both:  153.00 KB

MaxMetaspaceSize: 17179869184.00 GB
CompressedClassSpaceSize: 1.00 GB

CodeHeap 'non-profiled nmethods': size=120000Kb used=8159Kb max_used=8159Kb free=111840Kb
 bounds [0x00000257d3fb0000, 0x00000257d47b0000, 0x00000257db4e0000]
CodeHeap 'profiled nmethods': size=120000Kb used=18131Kb max_used=19575Kb free=101868Kb
 bounds [0x00000257cca80000, 0x00000257cddb0000, 0x00000257d3fb0000]
CodeHeap 'non-nmethods': size=5760Kb used=1342Kb max_used=1406Kb free=4417Kb
 bounds [0x00000257cc4e0000, 0x00000257cc750000, 0x00000257cca80000]
 total_blobs=14716 nmethods=8308 adapters=537
 compilation: enabled
              stopped_count=0, restarted_count=0
 full_count=0

Compilation events (20 events):
Event: 6794.155 Thread 0x00000257e88c0000 nmethod 10020 0x00000257d4795090 code [0x00000257d4795640, 0x00000257d4798520]
Event: 6794.156 Thread 0x00000257e88c0000 10032       4       org.apache.catalina.connector.RequestFacade::getContentLength (31 bytes)
Event: 6794.163 Thread 0x00000257e88c0000 nmethod 10032 0x00000257d479b110 code [0x00000257d479b2e0, 0x00000257d479b658]
Event: 6794.163 Thread 0x00000257e88c0000 10033   !   4       com.sun.proxy.$Proxy95::getEntityManagerFactory (29 bytes)
Event: 6794.165 Thread 0x00000257e88c0000 nmethod 10033 0x00000257d479ba90 code [0x00000257d479bc40, 0x00000257d479bda8]
Event: 6794.165 Thread 0x00000257e88c0000 10034   !   4       org.apache.catalina.connector.CoyoteAdapter::convertURI (115 bytes)
Event: 6794.183 Thread 0x00000257f0049000 nmethod 10028 0x00000257d479bf10 code [0x00000257d479c160, 0x00000257d479d1e0]
Event: 6794.183 Thread 0x00000257f0049000 10035   !   4       org.apache.catalina.connector.CoyoteAdapter::postParseRequest (1111 bytes)
Event: 6794.195 Thread 0x00000257e88c0000 nmethod 10034 0x00000257d479dc90 code [0x00000257d479dec0, 0x00000257d479efd8]
Event: 6794.195 Thread 0x00000257e88c0000 10026       4       org.springframework.web.method.annotation.ModelFactory::updateModel (59 bytes)
Event: 6794.199 Thread 0x00000257e88c0000 nmethod 10026 0x00000257d479f810 code [0x00000257d479f9c0, 0x00000257d479fcc8]
Event: 6794.199 Thread 0x00000257e88c0000 10037       4       org.springframework.data.jpa.repository.query.QueryParameterSetter$BindableQuery::<init> (39 bytes)
Event: 6794.203 Thread 0x00000257e88c0000 nmethod 10037 0x00000257d479ff90 code [0x00000257d47a0120, 0x00000257d47a0488]
Event: 6794.203 Thread 0x00000257e88c0000 10036       4       org.springframework.util.MultiValueMapAdapter::size (10 bytes)
Event: 6794.203 Thread 0x00000257e88c0000 nmethod 10036 0x00000257d47a0610 code [0x00000257d47a07a0, 0x00000257d47a0858]
Event: 6794.203 Thread 0x00000257e88c0000 10038       4       org.springframework.web.util.UriComponentsBuilder::buildInternal (126 bytes)
Event: 6794.221 Thread 0x00000257e88c0000 nmethod 10038 0x00000257d47a0910 code [0x00000257d47a0b60, 0x00000257d47a1b28]
Event: 6794.221 Thread 0x00000257e88c0000 10039       4       com.mysql.cj.result.SqlTimeValueFactory::<init> (43 bytes)
Event: 6794.232 Thread 0x00000257e88c0000 nmethod 10039 0x00000257d47a2410 code [0x00000257d47a26a0, 0x00000257d47a3028]
Event: 6794.232 Thread 0x00000257e88c0000 10040       4       org.springframework.web.servlet.handler.AbstractHandlerMethodMapping::lookupHandlerMethod (385 bytes)

GC Heap History (20 events):
Event: 6784.986 GC heap before
{Heap before GC invocations=32 (full 0):
 garbage-first heap   total 68608K, used 55929K [0x0000000701c00000, 0x0000000800000000)
  region size 1024K, 26 young (26624K), 1 survivors (1024K)
 Metaspace       used 65151K, capacity 66895K, committed 67276K, reserved 1107968K
  class space    used 8087K, capacity 8765K, committed 8908K, reserved 1048576K
}
Event: 6784.988 GC heap after
{Heap after GC invocations=33 (full 0):
 garbage-first heap   total 68608K, used 30327K [0x0000000701c00000, 0x0000000800000000)
  region size 1024K, 1 young (1024K), 1 survivors (1024K)
 Metaspace       used 65151K, capacity 66895K, committed 67276K, reserved 1107968K
  class space    used 8087K, capacity 8765K, committed 8908K, reserved 1048576K
}
Event: 6786.021 GC heap before
{Heap before GC invocations=33 (full 0):
 garbage-first heap   total 68608K, used 55927K [0x0000000701c00000, 0x0000000800000000)
  region size 1024K, 26 young (26624K), 1 survivors (1024K)
 Metaspace       used 65152K, capacity 66895K, committed 67276K, reserved 1107968K
  class space    used 8087K, capacity 8765K, committed 8908K, reserved 1048576K
}
Event: 6786.022 GC heap after
{Heap after GC invocations=34 (full 0):
 garbage-first heap   total 68608K, used 30362K [0x0000000701c00000, 0x0000000800000000)
  region size 1024K, 1 young (1024K), 1 survivors (1024K)
 Metaspace       used 65152K, capacity 66895K, committed 67276K, reserved 1107968K
  class space    used 8087K, capacity 8765K, committed 8908K, reserved 1048576K
}
Event: 6786.907 GC heap before
{Heap before GC invocations=34 (full 0):
 garbage-first heap   total 68608K, used 55962K [0x0000000701c00000, 0x0000000800000000)
  region size 1024K, 26 young (26624K), 1 survivors (1024K)
 Metaspace       used 65163K, capacity 66895K, committed 67276K, reserved 1107968K
  class space    used 8088K, capacity 8765K, committed 8908K, reserved 1048576K
}
Event: 6786.908 GC heap after
{Heap after GC invocations=35 (full 0):
 garbage-first heap   total 68608K, used 30389K [0x0000000701c00000, 0x0000000800000000)
  region size 1024K, 1 young (1024K), 1 survivors (1024K)
 Metaspace       used 65163K, capacity 66895K, committed 67276K, reserved 1107968K
  class space    used 8088K, capacity 8765K, committed 8908K, reserved 1048576K
}
Event: 6787.953 GC heap before
{Heap before GC invocations=35 (full 0):
 garbage-first heap   total 68608K, used 57013K [0x0000000701c00000, 0x0000000800000000)
  region size 1024K, 27 young (27648K), 1 survivors (1024K)
 Metaspace       used 65164K, capacity 66895K, committed 67276K, reserved 1107968K
  class space    used 8088K, capacity 8765K, committed 8908K, reserved 1048576K
}
Event: 6787.954 GC heap after
{Heap after GC invocations=36 (full 0):
 garbage-first heap   total 68608K, used 30392K [0x0000000701c00000, 0x0000000800000000)
  region size 1024K, 1 young (1024K), 1 survivors (1024K)
 Metaspace       used 65164K, capacity 66895K, committed 67276K, reserved 1107968K
  class space    used 8088K, capacity 8765K, committed 8908K, reserved 1048576K
}
Event: 6788.898 GC heap before
{Heap before GC invocations=36 (full 0):
 garbage-first heap   total 68608K, used 57016K [0x0000000701c00000, 0x0000000800000000)
  region size 1024K, 27 young (27648K), 1 survivors (1024K)
 Metaspace       used 65164K, capacity 66895K, committed 67276K, reserved 1107968K
  class space    used 8088K, capacity 8765K, committed 8908K, reserved 1048576K
}
Event: 6788.899 GC heap after
{Heap after GC invocations=37 (full 0):
 garbage-first heap   total 68608K, used 30389K [0x0000000701c00000, 0x0000000800000000)
  region size 1024K, 1 young (1024K), 1 survivors (1024K)
 Metaspace       used 65164K, capacity 66895K, committed 67276K, reserved 1107968K
  class space    used 8088K, capacity 8765K, committed 8908K, reserved 1048576K
}
Event: 6789.826 GC heap before
{Heap before GC invocations=37 (full 0):
 garbage-first heap   total 68608K, used 57013K [0x0000000701c00000, 0x0000000800000000)
  region size 1024K, 27 young (27648K), 1 survivors (1024K)
 Metaspace       used 65166K, capacity 66895K, committed 67276K, reserved 1107968K
  class space    used 8089K, capacity 8765K, committed 8908K, reserved 1048576K
}
Event: 6789.827 GC heap after
{Heap after GC invocations=38 (full 0):
 garbage-first heap   total 68608K, used 30393K [0x0000000701c00000, 0x0000000800000000)
  region size 1024K, 1 young (1024K), 1 survivors (1024K)
 Metaspace       used 65166K, capacity 66895K, committed 67276K, reserved 1107968K
  class space    used 8089K, capacity 8765K, committed 8908K, reserved 1048576K
}
Event: 6790.779 GC heap before
{Heap before GC invocations=38 (full 0):
 garbage-first heap   total 68608K, used 57017K [0x0000000701c00000, 0x0000000800000000)
  region size 1024K, 27 young (27648K), 1 survivors (1024K)
 Metaspace       used 65166K, capacity 66895K, committed 67276K, reserved 1107968K
  class space    used 8089K, capacity 8765K, committed 8908K, reserved 1048576K
}
Event: 6790.780 GC heap after
{Heap after GC invocations=39 (full 0):
 garbage-first heap   total 68608K, used 30398K [0x0000000701c00000, 0x0000000800000000)
  region size 1024K, 1 young (1024K), 1 survivors (1024K)
 Metaspace       used 65166K, capacity 66895K, committed 67276K, reserved 1107968K
  class space    used 8089K, capacity 8765K, committed 8908K, reserved 1048576K
}
Event: 6791.978 GC heap before
{Heap before GC invocations=39 (full 0):
 garbage-first heap   total 68608K, used 55998K [0x0000000701c00000, 0x0000000800000000)
  region size 1024K, 27 young (27648K), 1 survivors (1024K)
 Metaspace       used 65170K, capacity 66895K, committed 67276K, reserved 1107968K
  class space    used 8090K, capacity 8765K, committed 8908K, reserved 1048576K
}
Event: 6791.979 GC heap after
{Heap after GC invocations=40 (full 0):
 garbage-first heap   total 68608K, used 30466K [0x0000000701c00000, 0x0000000800000000)
  region size 1024K, 1 young (1024K), 1 survivors (1024K)
 Metaspace       used 65170K, capacity 66895K, committed 67276K, reserved 1107968K
  class space    used 8090K, capacity 8765K, committed 8908K, reserved 1048576K
}
Event: 6792.942 GC heap before
{Heap before GC invocations=40 (full 0):
 garbage-first heap   total 68608K, used 57090K [0x0000000701c00000, 0x0000000800000000)
  region size 1024K, 27 young (27648K), 1 survivors (1024K)
 Metaspace       used 65170K, capacity 66895K, committed 67276K, reserved 1107968K
  class space    used 8090K, capacity 8765K, committed 8908K, reserved 1048576K
}
Event: 6792.943 GC heap after
{Heap after GC invocations=41 (full 0):
 garbage-first heap   total 68608K, used 30477K [0x0000000701c00000, 0x0000000800000000)
  region size 1024K, 1 young (1024K), 1 survivors (1024K)
 Metaspace       used 65170K, capacity 66895K, committed 67276K, reserved 1107968K
  class space    used 8090K, capacity 8765K, committed 8908K, reserved 1048576K
}
Event: 6793.959 GC heap before
{Heap before GC invocations=41 (full 0):
 garbage-first heap   total 68608K, used 57101K [0x0000000701c00000, 0x0000000800000000)
  region size 1024K, 27 young (27648K), 1 survivors (1024K)
 Metaspace       used 65171K, capacity 66895K, committed 67276K, reserved 1107968K
  class space    used 8090K, capacity 8765K, committed 8908K, reserved 1048576K
}
Event: 6793.961 GC heap after
{Heap after GC invocations=42 (full 0):
 garbage-first heap   total 68608K, used 30481K [0x0000000701c00000, 0x0000000800000000)
  region size 1024K, 1 young (1024K), 1 survivors (1024K)
 Metaspace       used 65171K, capacity 66895K, committed 67276K, reserved 1107968K
  class space    used 8090K, capacity 8765K, committed 8908K, reserved 1048576K
}

Deoptimization events (20 events):
Event: 6789.068 Thread 0x00000257f0074800 Uncommon trap: trap_request=0xffffffd6 fr.pc=0x00000257d46b0c20 relative=0x0000000000000460
Event: 6789.068 Thread 0x00000257f0074800 Uncommon trap: reason=array_check action=maybe_recompile pc=0x00000257d46b0c20 method=org.hibernate.engine.internal.EntityEntryContext.reentrantSafeEntityEntries()[Ljava/util/Map$Entry; @ 57 c2
Event: 6789.068 Thread 0x00000257f0074800 DEOPT PACKING pc=0x00000257d46b0c20 sp=0x000000e5be7fc850
Event: 6789.068 Thread 0x00000257f0074800 DEOPT UNPACKING pc=0x00000257cc52912f sp=0x000000e5be7fc808 mode 2
Event: 6793.109 Thread 0x00000257eba60800 Uncommon trap: trap_request=0xffffffbe fr.pc=0x00000257d4752590 relative=0x0000000000005290
Event: 6793.109 Thread 0x00000257eba60800 Uncommon trap: reason=profile_predicate action=maybe_recompile pc=0x00000257d4752590 method=java.util.concurrent.ConcurrentHashMap$Traverser.advance()Ljava/util/concurrent/ConcurrentHashMap$Node; @ 15 c2
Event: 6793.109 Thread 0x00000257eba60800 DEOPT PACKING pc=0x00000257d4752590 sp=0x000000e5bdffb8b0
Event: 6793.109 Thread 0x00000257eba60800 DEOPT UNPACKING pc=0x00000257cc52912f sp=0x000000e5bdffb4b0 mode 2
Event: 6793.112 Thread 0x00000257efe54800 Uncommon trap: trap_request=0xffffffbe fr.pc=0x00000257d4752590 relative=0x0000000000005290
Event: 6793.112 Thread 0x00000257efe54800 Uncommon trap: reason=profile_predicate action=maybe_recompile pc=0x00000257d4752590 method=java.util.concurrent.ConcurrentHashMap$Traverser.advance()Ljava/util/concurrent/ConcurrentHashMap$Node; @ 15 c2
Event: 6793.112 Thread 0x00000257efe54800 DEOPT PACKING pc=0x00000257d4752590 sp=0x000000e5be3fbab0
Event: 6793.112 Thread 0x00000257efe54800 DEOPT UNPACKING pc=0x00000257cc52912f sp=0x000000e5be3fb6b0 mode 2
Event: 6793.115 Thread 0x00000257f0071000 Uncommon trap: trap_request=0xffffffbe fr.pc=0x00000257d4752590 relative=0x0000000000005290
Event: 6793.116 Thread 0x00000257f0071000 Uncommon trap: reason=profile_predicate action=maybe_recompile pc=0x00000257d4752590 method=java.util.concurrent.ConcurrentHashMap$Traverser.advance()Ljava/util/concurrent/ConcurrentHashMap$Node; @ 15 c2
Event: 6793.116 Thread 0x00000257f0071000 DEOPT PACKING pc=0x00000257d4752590 sp=0x000000e5be5fb8f0
Event: 6793.116 Thread 0x00000257f0071000 DEOPT UNPACKING pc=0x00000257cc52912f sp=0x000000e5be5fb4f0 mode 2
Event: 6793.120 Thread 0x00000257ee249800 Uncommon trap: trap_request=0xffffffbe fr.pc=0x00000257d4752590 relative=0x0000000000005290
Event: 6793.120 Thread 0x00000257ee249800 Uncommon trap: reason=profile_predicate action=maybe_recompile pc=0x00000257d4752590 method=java.util.concurrent.ConcurrentHashMap$Traverser.advance()Ljava/util/concurrent/ConcurrentHashMap$Node; @ 15 c2
Event: 6793.120 Thread 0x00000257ee249800 DEOPT PACKING pc=0x00000257d4752590 sp=0x000000e5be0fb4b0
Event: 6793.120 Thread 0x00000257ee249800 DEOPT UNPACKING pc=0x00000257cc52912f sp=0x000000e5be0fb0b0 mode 2

Classes unloaded (20 events):
Event: 5298.609 Thread 0x00000257e889a800 Unloading class 0x0000000800c5b040 'java/lang/invoke/LambdaForm$MH'
Event: 5298.609 Thread 0x00000257e889a800 Unloading class 0x0000000800c5bc40 'java/lang/invoke/LambdaForm$MH'
Event: 5298.609 Thread 0x00000257e889a800 Unloading class 0x0000000800c57c40 'java/lang/invoke/LambdaForm$MH'
Event: 5298.609 Thread 0x00000257e889a800 Unloading class 0x0000000800c57840 'java/lang/invoke/LambdaForm$MH'
Event: 5298.609 Thread 0x00000257e889a800 Unloading class 0x0000000800c57440 'java/lang/invoke/LambdaForm$MH'
Event: 5298.609 Thread 0x00000257e889a800 Unloading class 0x0000000800c57040 'java/lang/invoke/LambdaForm$MH'
Event: 5298.609 Thread 0x00000257e889a800 Unloading class 0x0000000800c56c40 'java/lang/invoke/LambdaForm$MH'
Event: 5298.609 Thread 0x00000257e889a800 Unloading class 0x0000000800c56440 'java/lang/invoke/LambdaForm$MH'
Event: 5298.609 Thread 0x00000257e889a800 Unloading class 0x0000000800c56040 'java/lang/invoke/LambdaForm$MH'
Event: 5298.609 Thread 0x00000257e889a800 Unloading class 0x0000000800bf9440 'java/lang/invoke/LambdaForm$MH'
Event: 5298.609 Thread 0x00000257e889a800 Unloading class 0x0000000800bf8c40 'java/lang/invoke/LambdaForm$MH'
Event: 5298.609 Thread 0x00000257e889a800 Unloading class 0x0000000800bf8840 'java/lang/invoke/LambdaForm$MH'
Event: 5298.609 Thread 0x00000257e889a800 Unloading class 0x0000000800bf8440 'java/lang/invoke/LambdaForm$MH'
Event: 5298.609 Thread 0x00000257e889a800 Unloading class 0x0000000800bf8040 'java/lang/invoke/LambdaForm$MH'
Event: 5298.609 Thread 0x00000257e889a800 Unloading class 0x0000000800be2c40 'java/lang/invoke/LambdaForm$MH'
Event: 5298.609 Thread 0x00000257e889a800 Unloading class 0x0000000800be2840 'java/lang/invoke/LambdaForm$MH'
Event: 5298.609 Thread 0x00000257e889a800 Unloading class 0x0000000800be3440 'java/lang/invoke/LambdaForm$MH'
Event: 5298.609 Thread 0x00000257e889a800 Unloading class 0x0000000800be3040 'java/lang/invoke/LambdaForm$MH'
Event: 5298.609 Thread 0x00000257e889a800 Unloading class 0x0000000800be3840 'java/lang/invoke/LambdaForm$MH'
Event: 5298.609 Thread 0x00000257e889a800 Unloading class 0x0000000800be4440 'java/lang/invoke/LambdaForm$MH'

Classes redefined (0 events):
No events

Internal exceptions (20 events):
Event: 4.131 Thread 0x00000257c3fd7000 Exception <a 'java/lang/IncompatibleClassChangeError'{0x00000007056c9200}: Found class java.lang.Object, but interface was expected> (0x00000007056c9200) 
thrown [t:/workspace/open/src/hotspot/share/interpreter/linkResolver.cpp, line 833]
Event: 4.207 Thread 0x00000257c3fd7000 Exception <a 'java/lang/NoSuchMethodError'{0x0000000704e1e688}: 'java.lang.Object java.lang.invoke.DirectMethodHandle$Holder.invokeSpecial(java.lang.Object, java.lang.Object, int, java.lang.Object, int, java.lang.Object)'> (0x0000000704e1e688) 
thrown [t:/workspace/open/src/hotspot/share/interpreter/linkResolver.cpp, line 767]
Event: 4.207 Thread 0x00000257c3fd7000 Exception <a 'java/lang/NoSuchMethodError'{0x0000000704e25238}: 'java.lang.Object java.lang.invoke.DirectMethodHandle$Holder.invokeStatic(java.lang.Object, java.lang.Object, int, java.lang.Object, int)'> (0x0000000704e25238) 
thrown [t:/workspace/open/src/hotspot/share/interpreter/linkResolver.cpp, line 767]
Event: 4.207 Thread 0x00000257c3fd7000 Exception <a 'java/lang/NoSuchMethodError'{0x0000000704e285e8}: 'java.lang.Object java.lang.invoke.DirectMethodHandle$Holder.invokeSpecial(java.lang.Object, java.lang.Object, java.lang.Object, int, java.lang.Object, int)'> (0x0000000704e285e8) 
thrown [t:/workspace/open/src/hotspot/share/interpreter/linkResolver.cpp, line 767]
Event: 4.208 Thread 0x00000257c3fd7000 Exception <a 'java/lang/NoSuchMethodError'{0x0000000704e34050}: 'void java.lang.invoke.DirectMethodHandle$Holder.invokeVirtual(java.lang.Object, java.lang.Object)'> (0x0000000704e34050) 
thrown [t:/workspace/open/src/hotspot/share/interpreter/linkResolver.cpp, line 767]
Event: 10.942 Thread 0x00000257ee249800 Exception <a 'java/lang/NoSuchMethodError'{0x00000007055e4c28}: 'java.lang.Object java.lang.invoke.DirectMethodHandle$Holder.invokeInterface(java.lang.Object, java.lang.Object, java.lang.Object, java.lang.Object)'> (0x00000007055e4c28) 
thrown [t:/workspace/open/src/hotspot/share/interpreter/linkResolver.cpp, line 767]
Event: 10.959 Thread 0x00000257ee249800 Exception <a 'java/lang/NoSuchMethodError'{0x00000007054e20f0}: 'java.lang.Object java.lang.invoke.DirectMethodHandle$Holder.invokeStaticInit(java.lang.Object, java.lang.Object, java.lang.Object, java.lang.Object, java.lang.Object, java.lang.Object)'> (0x00000007054e20f0) 
thrown [t:/workspace/open/src/hotspot/share/interpreter/linkResolver.cpp, line 767]
Event: 45.462 Thread 0x00000257f0074800 Exception <a 'java/lang/ClassNotFoundException'{0x0000000711b1a368}: java/lang/ObjectCustomizer> (0x0000000711b1a368) 
thrown [t:/workspace/open/src/hotspot/share/classfile/systemDictionary.cpp, line 232]
Event: 45.463 Thread 0x00000257f0074800 Exception <a 'java/lang/ClassNotFoundException'{0x0000000711b323f8}: com/todolist/customtodolist/domainModel/TaskCustomizer> (0x0000000711b323f8) 
thrown [t:/workspace/open/src/hotspot/share/classfile/systemDictionary.cpp, line 232]
Event: 1770.686 Thread 0x00000257f0072000 Exception <a 'java/io/IOException'{0x0000000704e10e30}> (0x0000000704e10e30) 
thrown [t:/workspace/open/src/hotspot/share/prims/jni.cpp, line 598]
Event: 1770.686 Thread 0x00000257f0072000 Exception <a 'java/io/IOException'{0x0000000704e11740}> (0x0000000704e11740) 
thrown [t:/workspace/open/src/hotspot/share/prims/jni.cpp, line 598]
Event: 1797.696 Thread 0x00000257f0072000 Exception <a 'java/io/IOException'{0x0000000711004960}> (0x0000000711004960) 
thrown [t:/workspace/open/src/hotspot/share/prims/jni.cpp, line 598]
Event: 4265.463 Thread 0x00000257eb0ad800 Implicit null exception at 0x00000257d43a4b7f to 0x00000257d43a4d5a
Event: 5320.621 Thread 0x00000257f0072000 Exception <a 'java/net/SocketException'{0x0000000711b60ba8}: Connection reset by peer: shutdown> (0x0000000711b60ba8) 
thrown [t:/workspace/open/src/hotspot/share/prims/jni.cpp, line 619]
Event: 5826.427 Thread 0x00000257ee249800 Implicit null exception at 0x00000257d40f9704 to 0x00000257d40f9772
Event: 6783.504 Thread 0x00000257f0074800 Implicit null exception at 0x00000257d420e96d to 0x00000257d42158a6
Event: 6793.109 Thread 0x00000257eba60800 Implicit null exception at 0x00000257d474de54 to 0x00000257d475253e
Event: 6793.112 Thread 0x00000257efe54800 Implicit null exception at 0x00000257d474de54 to 0x00000257d475253e
Event: 6793.115 Thread 0x00000257f0071000 Implicit null exception at 0x00000257d474de54 to 0x00000257d475253e
Event: 6793.120 Thread 0x00000257ee249800 Implicit null exception at 0x00000257d474de54 to 0x00000257d475253e

Events (20 events):
Event: 6791.890 Thread 0x00000257e88c5800 flushing nmethod 0x00000257cda94a10
Event: 6791.890 Thread 0x00000257e88c5800 flushing nmethod 0x00000257cdb4e890
Event: 6791.892 Thread 0x00000257e88c5800 flushing nmethod 0x00000257cdcf9910
Event: 6791.892 Thread 0x00000257e88c5800 flushing nmethod 0x00000257cdd11610
Event: 6791.917 Executing VM operation: HandshakeAllThreads
Event: 6791.917 Executing VM operation: HandshakeAllThreads done
Event: 6791.924 Thread 0x00000257e88c5800 flushing nmethod 0x00000257cce0c610
Event: 6791.931 Thread 0x00000257e88c5800 flushing nmethod 0x00000257cd5c1210
Event: 6791.978 Executing VM operation: G1CollectForAllocation
Event: 6791.979 Executing VM operation: G1CollectForAllocation done
Event: 6792.942 Executing VM operation: G1CollectForAllocation
Event: 6792.943 Executing VM operation: G1CollectForAllocation done
Event: 6793.959 Executing VM operation: G1CollectForAllocation
Event: 6793.961 Executing VM operation: G1CollectForAllocation done
Event: 6794.064 loading class org/springframework/orm/jpa/ExtendedEntityManagerCreator$1
Event: 6794.064 loading class org/springframework/orm/jpa/ExtendedEntityManagerCreator$1 done
Event: 6794.065 Executing VM operation: RevokeBias
Event: 6794.065 Executing VM operation: RevokeBias done
Event: 6794.104 Executing VM operation: RevokeBias
Event: 6794.105 Executing VM operation: RevokeBias done


Dynamic libraries:
0x00007ff72f130000 - 0x00007ff72f13f000 	C:\Program Files\Java\jdk-13.0.2\bin\java.exe
0x00007ffc89590000 - 0x00007ffc89788000 	C:\WINDOWS\SYSTEM32\ntdll.dll
0x00007ffc889c0000 - 0x00007ffc88a7d000 	C:\WINDOWS\System32\KERNEL32.DLL
0x00007ffc86ca0000 - 0x00007ffc86f72000 	C:\WINDOWS\System32\KERNELBASE.dll
0x00007ffc87390000 - 0x00007ffc87490000 	C:\WINDOWS\System32\ucrtbase.dll
0x00007ffc7e040000 - 0x00007ffc7e055000 	C:\Program Files\Java\jdk-13.0.2\bin\VCRUNTIME140.dll
0x00007ffc7e280000 - 0x00007ffc7e298000 	C:\Program Files\Java\jdk-13.0.2\bin\jli.dll
0x00007ffc88910000 - 0x00007ffc889be000 	C:\WINDOWS\System32\ADVAPI32.dll
0x00007ffc87fa0000 - 0x00007ffc8803e000 	C:\WINDOWS\System32\msvcrt.dll
0x00007ffc88040000 - 0x00007ffc880dc000 	C:\WINDOWS\System32\sechost.dll
0x00007ffc876d0000 - 0x00007ffc877f5000 	C:\WINDOWS\System32\RPCRT4.dll
0x00007ffc88cc0000 - 0x00007ffc88e5d000 	C:\WINDOWS\System32\USER32.dll
0x00007ffc87490000 - 0x00007ffc874b2000 	C:\WINDOWS\System32\win32u.dll
0x00007ffc6e620000 - 0x00007ffc6e8ba000 	C:\WINDOWS\WinSxS\amd64_microsoft.windows.common-controls_6595b64144ccf1df_6.0.19041.1110_none_60b5254171f9507e\COMCTL32.dll
0x00007ffc88c90000 - 0x00007ffc88cbb000 	C:\WINDOWS\System32\GDI32.dll
0x00007ffc86f80000 - 0x00007ffc8708f000 	C:\WINDOWS\System32\gdi32full.dll
0x00007ffc87550000 - 0x00007ffc875ed000 	C:\WINDOWS\System32\msvcp_win.dll
0x00007ffc7e060000 - 0x00007ffc7e06a000 	C:\WINDOWS\SYSTEM32\VERSION.dll
0x00007ffc88c50000 - 0x00007ffc88c80000 	C:\WINDOWS\System32\IMM32.DLL
0x00007ffc45670000 - 0x00007ffc4570b000 	C:\Program Files\Java\jdk-13.0.2\bin\msvcp140.dll
0x00007ffbe1250000 - 0x00007ffbe1dad000 	C:\Program Files\Java\jdk-13.0.2\bin\server\jvm.dll
0x00007ffc87990000 - 0x00007ffc87998000 	C:\WINDOWS\System32\PSAPI.DLL
0x00007ffc5e600000 - 0x00007ffc5e609000 	C:\WINDOWS\SYSTEM32\WSOCK32.dll
0x00007ffc6b700000 - 0x00007ffc6b727000 	C:\WINDOWS\SYSTEM32\WINMM.dll
0x00007ffc88b50000 - 0x00007ffc88bbb000 	C:\WINDOWS\System32\WS2_32.dll
0x00007ffc854f0000 - 0x00007ffc85502000 	C:\WINDOWS\SYSTEM32\kernel.appcore.dll
0x00007ffc81e40000 - 0x00007ffc81e50000 	C:\Program Files\Java\jdk-13.0.2\bin\verify.dll
0x00007ffc84a70000 - 0x00007ffc84c54000 	C:\WINDOWS\SYSTEM32\DBGHELP.DLL
0x00007ffc65470000 - 0x00007ffc6549c000 	C:\WINDOWS\SYSTEM32\dbgcore.DLL
0x00007ffc874c0000 - 0x00007ffc87542000 	C:\WINDOWS\System32\bcryptPrimitives.dll
0x00007ffc78f50000 - 0x00007ffc78f76000 	C:\Program Files\Java\jdk-13.0.2\bin\java.dll
0x00007ffc72b80000 - 0x00007ffc72b8e000 	C:\Program Files\Java\jdk-13.0.2\bin\instrument.dll
0x00007ffc78f30000 - 0x00007ffc78f47000 	C:\Program Files\Java\jdk-13.0.2\bin\zip.dll
0x00007ffc802e0000 - 0x00007ffc802ea000 	C:\Program Files\Java\jdk-13.0.2\bin\jimage.dll
0x00007ffc880e0000 - 0x00007ffc88823000 	C:\WINDOWS\System32\SHELL32.dll
0x00007ffc84c60000 - 0x00007ffc853f1000 	C:\WINDOWS\SYSTEM32\windows.storage.dll
0x00007ffc891f0000 - 0x00007ffc89544000 	C:\WINDOWS\System32\combase.dll
0x00007ffc86700000 - 0x00007ffc86730000 	C:\WINDOWS\SYSTEM32\Wldp.dll
0x00007ffc88a80000 - 0x00007ffc88b2d000 	C:\WINDOWS\System32\SHCORE.dll
0x00007ffc89070000 - 0x00007ffc890c5000 	C:\WINDOWS\System32\shlwapi.dll
0x00007ffc86be0000 - 0x00007ffc86bff000 	C:\WINDOWS\SYSTEM32\profapi.dll
0x00007ffc78f10000 - 0x00007ffc78f29000 	C:\Program Files\Java\jdk-13.0.2\bin\net.dll
0x00007ffc73270000 - 0x00007ffc7337d000 	C:\WINDOWS\SYSTEM32\WINHTTP.dll
0x00007ffc86380000 - 0x00007ffc863ea000 	C:\WINDOWS\system32\mswsock.dll
0x00007ffc78e70000 - 0x00007ffc78e83000 	C:\Program Files\Java\jdk-13.0.2\bin\nio.dll
0x00007ffc72b60000 - 0x00007ffc72b7a000 	C:\Program Files\JetBrains\IntelliJ IDEA Community Edition 2022.2.3\bin\breakgen64.dll
0x00007ffc7e360000 - 0x00007ffc7e369000 	C:\Program Files\Java\jdk-13.0.2\bin\management.dll
0x00007ffc78e60000 - 0x00007ffc78e6b000 	C:\Program Files\Java\jdk-13.0.2\bin\management_ext.dll
0x00007ffc82220000 - 0x00007ffc82237000 	C:\WINDOWS\system32\napinsp.dll
0x00007ffc731f0000 - 0x00007ffc7320b000 	C:\WINDOWS\system32\pnrpnsp.dll
0x00007ffc818d0000 - 0x00007ffc818e5000 	C:\WINDOWS\system32\wshbth.dll
0x00007ffc821c0000 - 0x00007ffc821dd000 	C:\WINDOWS\system32\NLAapi.dll
0x00007ffc86070000 - 0x00007ffc860ab000 	C:\WINDOWS\SYSTEM32\IPHLPAPI.DLL
0x00007ffc860b0000 - 0x00007ffc8617a000 	C:\WINDOWS\SYSTEM32\DNSAPI.dll
0x00007ffc88c80000 - 0x00007ffc88c88000 	C:\WINDOWS\System32\NSI.dll
0x00007ffc731d0000 - 0x00007ffc731e2000 	C:\WINDOWS\System32\winrnr.dll
0x00007ffc7de60000 - 0x00007ffc7de6a000 	C:\Windows\System32\rasadhlp.dll
0x00007ffc688d0000 - 0x00007ffc68950000 	C:\WINDOWS\System32\fwpuclnt.dll
0x00007ffc87090000 - 0x00007ffc870b7000 	C:\WINDOWS\System32\bcrypt.dll
0x00007ffc865f0000 - 0x00007ffc86608000 	C:\WINDOWS\SYSTEM32\CRYPTSP.dll
0x00007ffc85ca0000 - 0x00007ffc85cd4000 	C:\WINDOWS\system32\rsaenh.dll
0x00007ffc86b60000 - 0x00007ffc86b8e000 	C:\WINDOWS\SYSTEM32\USERENV.dll
0x00007ffc865e0000 - 0x00007ffc865ec000 	C:\WINDOWS\SYSTEM32\CRYPTBASE.dll
0x00007ffc7c880000 - 0x00007ffc7c897000 	C:\WINDOWS\SYSTEM32\dhcpcsvc6.DLL
0x00007ffc7df50000 - 0x00007ffc7df6d000 	C:\WINDOWS\SYSTEM32\dhcpcsvc.DLL
0x00007ffc5e030000 - 0x00007ffc5e055000 	C:\Program Files\Java\jdk-13.0.2\bin\sunec.dll
0x00007ffc72730000 - 0x00007ffc7273e000 	C:\Program Files\Java\jdk-13.0.2\bin\sunmscapi.dll
0x00007ffc87180000 - 0x00007ffc872d6000 	C:\WINDOWS\System32\CRYPT32.dll
0x00007ffc86770000 - 0x00007ffc86797000 	C:\WINDOWS\SYSTEM32\ncrypt.dll
0x00007ffc86730000 - 0x00007ffc8676b000 	C:\WINDOWS\SYSTEM32\NTASN1.dll

dbghelp: loaded successfully - version: 4.0.5 - missing functions: none
symbol engine: initialized successfully - sym options: 0x614 - pdb path: .;C:\Program Files\Java\jdk-13.0.2\bin;C:\WINDOWS\SYSTEM32;C:\WINDOWS\WinSxS\amd64_microsoft.windows.common-controls_6595b64144ccf1df_6.0.19041.1110_none_60b5254171f9507e;C:\Program Files\Java\jdk-13.0.2\bin\server;C:\Program Files\JetBrains\IntelliJ IDEA Community Edition 2022.2.3\bin

VM Arguments:
jvm_args: -javaagent:C:\Program Files\JetBrains\IntelliJ IDEA Community Edition 2022.2.3\lib\idea_rt.jar=57780:C:\Program Files\JetBrains\IntelliJ IDEA Community Edition 2022.2.3\bin -Dfile.encoding=UTF-8 
java_command: com.todolist.customtodolist.CustomtodolistApplication
java_class_path (initial): D:\AAA Germany student job\Luzid\Technical interview application\customtodolist\target\classes;C:\Users\Hasan\.m2\repository\org\springframework\boot\spring-boot-starter-data-jpa\2.7.5\spring-boot-starter-data-jpa-2.7.5.jar;C:\Users\Hasan\.m2\repository\org\springframework\boot\spring-boot-starter-aop\2.7.5\spring-boot-starter-aop-2.7.5.jar;C:\Users\Hasan\.m2\repository\org\springframework\spring-aop\5.3.23\spring-aop-5.3.23.jar;C:\Users\Hasan\.m2\repository\org\aspectj\aspectjweaver\1.9.7\aspectjweaver-1.9.7.jar;C:\Users\Hasan\.m2\repository\org\springframework\boot\spring-boot-starter-jdbc\2.7.5\spring-boot-starter-jdbc-2.7.5.jar;C:\Users\Hasan\.m2\repository\com\zaxxer\HikariCP\4.0.3\HikariCP-4.0.3.jar;C:\Users\Hasan\.m2\repository\org\springframework\spring-jdbc\5.3.23\spring-jdbc-5.3.23.jar;C:\Users\Hasan\.m2\repository\jakarta\transaction\jakarta.transaction-api\1.3.3\jakarta.transaction-api-1.3.3.jar;C:\Users\Hasan\.m2\repository\jakarta\persistence\jakarta.persistence-api\2.2.3\jakarta.persistence-api-2.2.3.jar;C:\Users\Hasan\.m2\repository\org\hibernate\hibernate-core\5.6.12.Final\hibernate-core-5.6.12.Final.jar;C:\Users\Hasan\.m2\repository\org\jboss\logging\jboss-logging\3.4.3.Final\jboss-logging-3.4.3.Final.jar;C:\Users\Hasan\.m2\repository\net\bytebuddy\byte-buddy\1.12.18\byte-buddy-1.12.18.jar;C:\Users\Hasan\.m2\repository\antlr\antlr\2.7.7\antlr-2.7.7.jar;C:\Users\Hasan\.m2\repository\org\jboss\jandex\2.4.2.Final\jandex-2.4.2.Final.jar;C:\Users\Hasan\.m2\repository\com\fasterxml\classmate\1.5.1\classmate-1.5.1.jar;C:\Users\Hasan\.m2\repository\org\hibernate\common\hibernate-commons-annotations\5.1.2.Final\hibernate-commons-annotations-5.1.2.Final.jar;C:\Users\Hasan\.m2\repository\org\glassfish\jaxb\jaxb-runtime\2.3.7\jaxb-runtime-2.3.7.jar;C:\Users\Hasan\.m2\repository\org\glassfish\jaxb\txw2\2.3.7\txw2-2.3.7.jar;C:\Users\Hasan\.m2\repository\com\sun\istack\istack-commons-runtime\3.0.12\istack-commons-runtime-3.0.12.jar;C:
Launcher Type: SUN_STANDARD

[Global flags]
     intx CICompilerCount                          = 4                                         {product} {ergonomic}
     uint ConcGCThreads                            = 3                                         {product} {ergonomic}
     uint G1ConcRefinementThreads                  = 10                                        {product} {ergonomic}
   size_t G1HeapRegionSize                         = 1048576                                   {product} {ergonomic}
    uintx GCDrainStackTargetSize                   = 64                                        {product} {ergonomic}
   size_t InitialHeapSize                          = 268435456                                 {product} {ergonomic}
   size_t MarkStackSize                            = 4194304                                   {product} {ergonomic}
   size_t MaxHeapSize                              = 4265607168                                {product} {ergonomic}
   size_t MaxNewSize                               = 2558525440                                {product} {ergonomic}
   size_t MinHeapDeltaBytes                        = 1048576                                   {product} {ergonomic}
   size_t MinHeapSize                              = 8388608                                   {product} {ergonomic}
    uintx NonNMethodCodeHeapSize                   = 5839372                                {pd product} {ergonomic}
    uintx NonProfiledCodeHeapSize                  = 122909434                              {pd product} {ergonomic}
    uintx ProfiledCodeHeapSize                     = 122909434                              {pd product} {ergonomic}
    uintx ReservedCodeCacheSize                    = 251658240                              {pd product} {ergonomic}
     bool SegmentedCodeCache                       = true                                      {product} {ergonomic}
   size_t SoftMaxHeapSize                          = 4265607168                             {manageable} {ergonomic}
     bool UseCompressedClassPointers               = true                                 {lp64_product} {ergonomic}
     bool UseCompressedOops                        = true                                 {lp64_product} {ergonomic}
     bool UseG1GC                                  = true                                      {product} {ergonomic}
     bool UseLargePagesIndividualAllocation        = false                                  {pd product} {ergonomic}

Logging:
Log output configuration:
 #0: stdout all=warning uptime,level,tags
 #1: stderr all=off uptime,level,tags

Environment Variables:
JAVA_HOME=C:\Program Files\Java\jdk-13.0.2
PATH=C:\Python38\Scripts\;C:\Python38\;C:\Python27\;C:\Python27\Scripts;C:\Program Files (x86)\Intel\Intel(R) Management Engine Components\iCLS\;C:\Program Files\Intel\Intel(R) Management Engine Components\iCLS\;C:\windows\system32;C:\windows;C:\windows\System32\Wbem;C:\windows\System32\WindowsPowerShell\v1.0\;C:\windows\System32\OpenSSH\;C:\Program Files (x86)\Intel\Intel(R) Management Engine Components\DAL;C:\Program Files\Intel\Intel(R) Management Engine Components\DAL;C:\Program Files (x86)\NVIDIA Corporation\PhysX\Common;C:\Program Files\Intel\WiFi\bin\;C:\Program Files\Common Files\Intel\WirelessCommon\;C:\Program Files\nodejs\;C:\ProgramData\chocolatey\bin;C:\WINDOWS\system32;C:\WINDOWS;C:\WINDOWS\System32\Wbem;C:\WINDOWS\System32\WindowsPowerShell\v1.0\;C:\WINDOWS\System32\OpenSSH\;C:\Program Files\Java\jdk-13.0.2\bin;D:\AAAA Fall 2020\Senior project\apk recompiling;C:\Program Files\Git\cmd;C:\Program Files\NVIDIA Corporation\NVIDIA NvDLISR;C:\Users\Hasan\AppData\Local\Programs\Python\Python37\Scripts\;C:\Users\Hasan\AppData\Local\Programs\Python\Python37\;C:\Users\Hasan\AppData\Local\Microsoft\WindowsApps;C:\Users\Hasan\AppData\Roaming\npm;C:\Users\Hasan\AppData\Local\Android\Sdk\platform-tools;C:\Program Files\Java\jdk-13.0.2;C:\Users\Hasan\AppData\Local\Programs\Microsoft VS Code\bin;C:\Program Files\heroku\bin;;C:\Program Files\JetBrains\IntelliJ IDEA Community Edition 2022.2.3\bin;
USERNAME=Hasan
OS=Windows_NT
PROCESSOR_IDENTIFIER=Intel64 Family 6 Model 158 Stepping 10, GenuineIntel



---------------  S Y S T E M  ---------------

OS: Windows 10 , 64 bit Build 19041 (10.0.19041.1889)

CPU:total 12 (initial active 12) (6 cores per cpu, 2 threads per core) family 6 model 158 stepping 10, cmov, cx8, fxsr, mmx, sse, sse2, sse3, ssse3, sse4.1, sse4.2, popcnt, avx, avx2, aes, clmul, erms, 3dnowpref, lzcnt, ht, tsc, tscinvbit, bmi1, bmi2, adx, fma

Memory: 4k page, system-wide physical 16264M (4145M free)
TotalPageFile size 31369M (AvailPageFile size 0M)
current process WorkingSet (physical memory assigned to process): 271M, peak: 280M
current process commit charge ("private bytes"): 328M, peak: 416M

vm_info: Java HotSpot(TM) 64-Bit Server VM (13.0.2+8) for windows-amd64 JRE (13.0.2+8), built on Dec 11 2019 09:20:33 by "mach5one" with unknown MS VC++:1916

END.
